<?xml version="1.0" encoding="UTF-8"?>
<!-- Generated by org.testng.reporters.JUnitXMLReporter -->
<testsuite ignored="1" hostname="Believer-HJ007" failures="0" tests="1" name="Default test(failed)" time="16.341" errors="0" timestamp="2023-02-27T10:41:29 IST">
  <testcase classname="TestScript.CheckPoint_Verified" name="f" time="16.286"/>
  <testcase classname="TestScript.CheckPoint_Verified" name="SeleniumSearch" time="0.0">
    <ignored/>
  </testcase> <!-- SeleniumSearch -->
</testsuite> <!-- Default test(failed) -->
