<?xml version="1.0" encoding="UTF-8"?>
<!-- Generated by org.testng.reporters.JUnitXMLReporter -->
<testsuite ignored="0" hostname="Believer-HJ007" failures="0" tests="4" name="Module_TwoTest" time="0.143" errors="0" timestamp="2023-02-28T10:13:14 IST">
  <testcase classname="ParallelScript.SampleThreeTest" name="testFour" time="0.04"/>
  <testcase classname="ParallelScript.SampleThreeTest" name="testOne" time="0.007"/>
  <testcase classname="ParallelScript.SampleThreeTest" name="testThree" time="0.002"/>
  <testcase classname="ParallelScript.SampleThreeTest" name="testTwo" time="0.005"/>
</testsuite> <!-- Module_TwoTest -->
