<?xml version="1.0" encoding="UTF-8"?>
<testng-results ignored="0" total="1" passed="1" failed="0" skipped="0">
  <reporter-output>
  </reporter-output>
  <suite started-at="2023-03-14T14:42:01 IST" name="Default suite" finished-at="2023-03-14T14:42:16 IST" duration-ms="15436">
    <groups>
    </groups>
    <test started-at="2023-03-14T14:42:01 IST" name="Default test" finished-at="2023-03-14T14:42:16 IST" duration-ms="15436">
      <class name="TestScript.CDPTest">
        <test-method is-config="true" signature="setup()[pri:0, instance:TestScript.CDPTest@1be2019a]" started-at="2023-03-14T14:42:01 IST" name="setup" finished-at="2023-03-14T14:42:05 IST" duration-ms="3797" status="PASS">
          <reporter-output>
          </reporter-output>
        </test-method> <!-- setup -->
        <test-method signature="basicAuthTest()[pri:0, instance:TestScript.CDPTest@1be2019a]" started-at="2023-03-14T14:42:05 IST" name="basicAuthTest" finished-at="2023-03-14T14:42:16 IST" duration-ms="11589" status="PASS">
          <reporter-output>
          </reporter-output>
        </test-method> <!-- basicAuthTest -->
      </class> <!-- TestScript.CDPTest -->
    </test> <!-- Default test -->
  </suite> <!-- Default suite -->
</testng-results>
